  [1m[35m (2.3ms)[0m  [1m[34mSELECT sqlite_version(*)[0m
  [1m[35m (9.0ms)[0m  [1m[35mCREATE TABLE "schema_migrations" ("version" varchar NOT NULL PRIMARY KEY)[0m
  [1m[35m (3.6ms)[0m  [1m[35mCREATE TABLE "ar_internal_metadata" ("key" varchar NOT NULL PRIMARY KEY, "value" varchar, "created_at" datetime NOT NULL, "updated_at" datetime NOT NULL)[0m
  [1m[35m (0.2ms)[0m  [1m[34mSELECT "schema_migrations"."version" FROM "schema_migrations" ORDER BY "schema_migrations"."version" ASC[0m
Migrating to CreateUsers (20181129073201)
  [1m[35m (0.1ms)[0m  [1m[36mbegin transaction[0m
  [1m[35m (0.9ms)[0m  [1m[35mCREATE TABLE "users" ("id" INTEGER PRIMARY KEY AUTOINCREMENT NOT NULL, "name" varchar, "email" varchar, "created_at" datetime NOT NULL, "updated_at" datetime NOT NULL)[0m
  [1m[35mSQL (0.2ms)[0m  [1m[32mINSERT INTO "schema_migrations" ("version") VALUES (?)[0m  [["version", "20181129073201"]]
  [1m[35m (6.3ms)[0m  [1m[36mcommit transaction[0m
  [1m[36mActiveRecord::InternalMetadata Load (0.2ms)[0m  [1m[34mSELECT  "ar_internal_metadata".* FROM "ar_internal_metadata" WHERE "ar_internal_metadata"."key" = ? LIMIT ?[0m  [["key", "environment"], ["LIMIT", 1]]
  [1m[35m (0.1ms)[0m  [1m[36mbegin transaction[0m
  [1m[35mSQL (0.3ms)[0m  [1m[32mINSERT INTO "ar_internal_metadata" ("key", "value", "created_at", "updated_at") VALUES (?, ?, ?, ?)[0m  [["key", "environment"], ["value", "development"], ["created_at", "2018-11-29 07:38:36.743598"], ["updated_at", "2018-11-29 07:38:36.743598"]]
  [1m[35m (2.5ms)[0m  [1m[36mcommit transaction[0m
  [1m[35m (0.2ms)[0m  [1m[34mSELECT "schema_migrations"."version" FROM "schema_migrations" ORDER BY "schema_migrations"."version" ASC[0m
Started GET "/" for 127.0.0.1 at 2018-11-29 16:42:40 +0900
  [1m[35m (2.8ms)[0m  [1m[34mSELECT "schema_migrations"."version" FROM "schema_migrations" ORDER BY "schema_migrations"."version" ASC[0m
Processing by ApplicationController#hello as HTML
  Rendering html template
  Rendered html template (0.0ms)
Completed 200 OK in 27ms (Views: 14.8ms | ActiveRecord: 0.0ms)


Started GET "/users" for 127.0.0.1 at 2018-11-29 16:42:54 +0900
Processing by UsersController#index as HTML
  Rendering users/index.html.erb within layouts/application
  [1m[36mUser Load (2.0ms)[0m  [1m[34mSELECT "users".* FROM "users"[0m
  Rendered users/index.html.erb within layouts/application (8.9ms)
Completed 200 OK in 1368ms (Views: 1350.7ms | ActiveRecord: 2.8ms)


Started GET "/users/new" for 127.0.0.1 at 2018-11-29 16:42:58 +0900
Processing by UsersController#new as HTML
  Rendering users/new.html.erb within layouts/application
  Rendered users/_form.html.erb (55.3ms)
  Rendered users/new.html.erb within layouts/application (62.9ms)
Completed 200 OK in 106ms (Views: 91.7ms | ActiveRecord: 0.8ms)


Started GET "/users/new" for 127.0.0.1 at 2018-11-29 16:47:34 +0900
Processing by UsersController#new as HTML
  Rendering users/new.html.erb within layouts/application
  Rendered users/_form.html.erb (2.3ms)
  Rendered users/new.html.erb within layouts/application (9.1ms)
Completed 200 OK in 98ms (Views: 90.8ms | ActiveRecord: 0.0ms)


Started POST "/users" for 127.0.0.1 at 2018-11-29 16:47:38 +0900
Processing by UsersController#create as HTML
  Parameters: {"utf8"=>"✓", "authenticity_token"=>"/ulN+BNvAfVUVMBDJRq4xaiVUNqYPpDahqDi75nKOBnwm6TbsUHhC/qzpDf7QbmcScLA5q29g05IdhiX3URnUQ==", "user"=>{"name"=>"aaa", "email"=>"aaaa"}, "commit"=>"Create User"}
  [1m[35m (0.1ms)[0m  [1m[36mbegin transaction[0m
  [1m[35mSQL (3.2ms)[0m  [1m[32mINSERT INTO "users" ("name", "email", "created_at", "updated_at") VALUES (?, ?, ?, ?)[0m  [["name", "aaa"], ["email", "aaaa"], ["created_at", "2018-11-29 07:47:38.725767"], ["updated_at", "2018-11-29 07:47:38.725767"]]
  [1m[35m (3.1ms)[0m  [1m[36mcommit transaction[0m
Redirected to http://localhost:3000/users/1
Completed 302 Found in 11ms (ActiveRecord: 6.4ms)


Started GET "/users/1" for 127.0.0.1 at 2018-11-29 16:47:38 +0900
Processing by UsersController#show as HTML
  Parameters: {"id"=>"1"}
  [1m[36mUser Load (0.4ms)[0m  [1m[34mSELECT  "users".* FROM "users" WHERE "users"."id" = ? LIMIT ?[0m  [["id", 1], ["LIMIT", 1]]
  Rendering users/show.html.erb within layouts/application
  Rendered users/show.html.erb within layouts/application (1.2ms)
Completed 200 OK in 37ms (Views: 23.2ms | ActiveRecord: 0.4ms)


Started GET "/users" for 127.0.0.1 at 2018-11-29 16:47:43 +0900
Processing by UsersController#index as HTML
  Rendering users/index.html.erb within layouts/application
  [1m[36mUser Load (0.2ms)[0m  [1m[34mSELECT "users".* FROM "users"[0m
  Rendered users/index.html.erb within layouts/application (2.2ms)
Completed 200 OK in 34ms (Views: 28.6ms | ActiveRecord: 0.2ms)


Started GET "/users/1" for 127.0.0.1 at 2018-11-29 16:47:45 +0900
Processing by UsersController#show as HTML
  Parameters: {"id"=>"1"}
  [1m[36mUser Load (0.3ms)[0m  [1m[34mSELECT  "users".* FROM "users" WHERE "users"."id" = ? LIMIT ?[0m  [["id", 1], ["LIMIT", 1]]
  Rendering users/show.html.erb within layouts/application
  Rendered users/show.html.erb within layouts/application (0.8ms)
Completed 200 OK in 39ms (Views: 34.6ms | ActiveRecord: 0.3ms)


Started GET "/users/1/edit" for 127.0.0.1 at 2018-11-29 16:47:47 +0900
Processing by UsersController#edit as HTML
  Parameters: {"id"=>"1"}
  [1m[36mUser Load (0.3ms)[0m  [1m[34mSELECT  "users".* FROM "users" WHERE "users"."id" = ? LIMIT ?[0m  [["id", 1], ["LIMIT", 1]]
  Rendering users/edit.html.erb within layouts/application
  Rendered users/_form.html.erb (3.1ms)
  Rendered users/edit.html.erb within layouts/application (6.0ms)
Completed 200 OK in 39ms (Views: 31.3ms | ActiveRecord: 0.3ms)


Started PATCH "/users/1" for 127.0.0.1 at 2018-11-29 16:47:53 +0900
Processing by UsersController#update as HTML
  Parameters: {"utf8"=>"✓", "authenticity_token"=>"idywaVz1yvU0bQYzXGc4Dp4d+YDswIyXedLekRjCwm6nqEarSrCT/uiipexa6+QeDW+T8fqtPaAOAed0hS0wNA==", "user"=>{"name"=>"", "email"=>""}, "commit"=>"Update User", "id"=>"1"}
  [1m[36mUser Load (0.2ms)[0m  [1m[34mSELECT  "users".* FROM "users" WHERE "users"."id" = ? LIMIT ?[0m  [["id", 1], ["LIMIT", 1]]
  [1m[35m (0.1ms)[0m  [1m[36mbegin transaction[0m
  [1m[35mSQL (0.4ms)[0m  [1m[33mUPDATE "users" SET "name" = ?, "email" = ?, "updated_at" = ? WHERE "users"."id" = ?[0m  [["name", ""], ["email", ""], ["updated_at", "2018-11-29 07:47:53.348395"], ["id", 1]]
  [1m[35m (2.7ms)[0m  [1m[36mcommit transaction[0m
Redirected to http://localhost:3000/users/1
Completed 302 Found in 9ms (ActiveRecord: 3.4ms)


Started GET "/users/1" for 127.0.0.1 at 2018-11-29 16:47:53 +0900
Processing by UsersController#show as HTML
  Parameters: {"id"=>"1"}
  [1m[36mUser Load (0.2ms)[0m  [1m[34mSELECT  "users".* FROM "users" WHERE "users"."id" = ? LIMIT ?[0m  [["id", 1], ["LIMIT", 1]]
  Rendering users/show.html.erb within layouts/application
  Rendered users/show.html.erb within layouts/application (1.1ms)
Completed 200 OK in 30ms (Views: 26.7ms | ActiveRecord: 0.2ms)


Started GET "/users" for 127.0.0.1 at 2018-11-29 16:47:55 +0900
Processing by UsersController#index as HTML
  Rendering users/index.html.erb within layouts/application
  [1m[36mUser Load (0.4ms)[0m  [1m[34mSELECT "users".* FROM "users"[0m
  Rendered users/index.html.erb within layouts/application (3.4ms)
Completed 200 OK in 34ms (Views: 30.8ms | ActiveRecord: 0.4ms)


Started DELETE "/users/1" for 127.0.0.1 at 2018-11-29 16:48:01 +0900
Processing by UsersController#destroy as HTML
  Parameters: {"authenticity_token"=>"TLYPIVP+44Uk1m6K3GhibIr/JKDu8NgPjyLEMTKlgy1OmOShqp1N/oW1ro1EZWiiFheYcBCWN2/MgWQfjTgfFA==", "id"=>"1"}
  [1m[36mUser Load (0.2ms)[0m  [1m[34mSELECT  "users".* FROM "users" WHERE "users"."id" = ? LIMIT ?[0m  [["id", 1], ["LIMIT", 1]]
  [1m[35m (0.1ms)[0m  [1m[36mbegin transaction[0m
  [1m[35mSQL (2.5ms)[0m  [1m[31mDELETE FROM "users" WHERE "users"."id" = ?[0m  [["id", 1]]
  [1m[35m (3.2ms)[0m  [1m[36mcommit transaction[0m
Redirected to http://localhost:3000/users
Completed 302 Found in 10ms (ActiveRecord: 5.9ms)


Started GET "/users" for 127.0.0.1 at 2018-11-29 16:48:01 +0900
Processing by UsersController#index as HTML
  Rendering users/index.html.erb within layouts/application
  [1m[36mUser Load (0.2ms)[0m  [1m[34mSELECT "users".* FROM "users"[0m
  Rendered users/index.html.erb within layouts/application (1.3ms)
Completed 200 OK in 27ms (Views: 23.0ms | ActiveRecord: 0.2ms)


Started GET "/users" for 127.0.0.1 at 2018-11-29 16:48:04 +0900
Processing by UsersController#index as HTML
  Rendering users/index.html.erb within layouts/application
  [1m[36mUser Load (0.2ms)[0m  [1m[34mSELECT "users".* FROM "users"[0m
  Rendered users/index.html.erb within layouts/application (2.1ms)
Completed 200 OK in 27ms (Views: 23.4ms | ActiveRecord: 0.2ms)


Started GET "/users/new" for 127.0.0.1 at 2018-11-29 16:48:46 +0900
Processing by UsersController#new as HTML
  Rendering users/new.html.erb within layouts/application
  Rendered users/_form.html.erb (3.2ms)
  Rendered users/new.html.erb within layouts/application (7.3ms)
Completed 200 OK in 44ms (Views: 40.2ms | ActiveRecord: 0.0ms)


Started POST "/users" for 127.0.0.1 at 2018-11-29 16:48:49 +0900
Processing by UsersController#create as HTML
  Parameters: {"utf8"=>"✓", "authenticity_token"=>"WLfK2+sQ4kubPByR+/pwqMBZy6CRltlbWvLr0nQh+/9WxSP4ST4CtTXbeOUloXHxIQ5bnKQVys+UJBGqMK+ktw==", "user"=>{"name"=>"", "email"=>"aaaa"}, "commit"=>"Create User"}
  [1m[35m (0.1ms)[0m  [1m[36mbegin transaction[0m
  [1m[35mSQL (0.6ms)[0m  [1m[32mINSERT INTO "users" ("name", "email", "created_at", "updated_at") VALUES (?, ?, ?, ?)[0m  [["name", ""], ["email", "aaaa"], ["created_at", "2018-11-29 07:48:49.098991"], ["updated_at", "2018-11-29 07:48:49.098991"]]
  [1m[35m (2.8ms)[0m  [1m[36mcommit transaction[0m
Redirected to http://localhost:3000/users/2
Completed 302 Found in 8ms (ActiveRecord: 3.4ms)


Started GET "/users/2" for 127.0.0.1 at 2018-11-29 16:48:49 +0900
Processing by UsersController#show as HTML
  Parameters: {"id"=>"2"}
  [1m[36mUser Load (0.1ms)[0m  [1m[34mSELECT  "users".* FROM "users" WHERE "users"."id" = ? LIMIT ?[0m  [["id", 2], ["LIMIT", 1]]
  Rendering users/show.html.erb within layouts/application
  Rendered users/show.html.erb within layouts/application (0.8ms)
Completed 200 OK in 26ms (Views: 23.6ms | ActiveRecord: 0.1ms)


Started GET "/users" for 127.0.0.1 at 2018-11-29 16:48:51 +0900
Processing by UsersController#index as HTML
  Rendering users/index.html.erb within layouts/application
  [1m[36mUser Load (0.2ms)[0m  [1m[34mSELECT "users".* FROM "users"[0m
  Rendered users/index.html.erb within layouts/application (3.8ms)
Completed 200 OK in 32ms (Views: 29.7ms | ActiveRecord: 0.2ms)


Started DELETE "/users/2" for 127.0.0.1 at 2018-11-29 16:48:55 +0900
Processing by UsersController#destroy as HTML
  Parameters: {"authenticity_token"=>"H+4SzQ5pb8MQ7/0q1XfJf/ND0fHpgR91KbP70hkflAQdwPlN9wrBuLGMPS1NesOxb6ttIRfn8BVqEFv8poIIPQ==", "id"=>"2"}
  [1m[36mUser Load (0.1ms)[0m  [1m[34mSELECT  "users".* FROM "users" WHERE "users"."id" = ? LIMIT ?[0m  [["id", 2], ["LIMIT", 1]]
  [1m[35m (0.0ms)[0m  [1m[36mbegin transaction[0m
  [1m[35mSQL (0.3ms)[0m  [1m[31mDELETE FROM "users" WHERE "users"."id" = ?[0m  [["id", 2]]
  [1m[35m (2.6ms)[0m  [1m[36mcommit transaction[0m
Redirected to http://localhost:3000/users
Completed 302 Found in 6ms (ActiveRecord: 3.0ms)


Started GET "/users" for 127.0.0.1 at 2018-11-29 16:48:55 +0900
Processing by UsersController#index as HTML
  Rendering users/index.html.erb within layouts/application
  [1m[36mUser Load (0.2ms)[0m  [1m[34mSELECT "users".* FROM "users"[0m
  Rendered users/index.html.erb within layouts/application (1.5ms)
Completed 200 OK in 27ms (Views: 24.5ms | ActiveRecord: 0.2ms)


Started GET "/users/new" for 127.0.0.1 at 2018-11-29 16:51:23 +0900
Processing by UsersController#new as HTML
  Rendering users/new.html.erb within layouts/application
  Rendered users/_form.html.erb (3.3ms)
  Rendered users/new.html.erb within layouts/application (8.0ms)
Completed 200 OK in 43ms (Views: 38.7ms | ActiveRecord: 0.0ms)


Started POST "/users" for 127.0.0.1 at 2018-11-29 16:51:26 +0900
Processing by UsersController#create as HTML
  Parameters: {"utf8"=>"✓", "authenticity_token"=>"FO4km7k3GBuq+lsxyxmSMKVCFyCe6JJwpHVD8sbb2XEanM24Gxn45QQdP0UVQpNpRBWHHKtrgeRqo7mKglWGOQ==", "user"=>{"name"=>"", "email"=>"@example.com"}, "commit"=>"Create User"}
  [1m[35m (0.1ms)[0m  [1m[36mbegin transaction[0m
  [1m[35mSQL (0.6ms)[0m  [1m[32mINSERT INTO "users" ("name", "email", "created_at", "updated_at") VALUES (?, ?, ?, ?)[0m  [["name", ""], ["email", "@example.com"], ["created_at", "2018-11-29 07:51:26.060572"], ["updated_at", "2018-11-29 07:51:26.060572"]]
  [1m[35m (2.7ms)[0m  [1m[36mcommit transaction[0m
Redirected to http://localhost:3000/users/3
Completed 302 Found in 8ms (ActiveRecord: 3.3ms)


Started GET "/users/3" for 127.0.0.1 at 2018-11-29 16:51:26 +0900
Processing by UsersController#show as HTML
  Parameters: {"id"=>"3"}
  [1m[36mUser Load (0.1ms)[0m  [1m[34mSELECT  "users".* FROM "users" WHERE "users"."id" = ? LIMIT ?[0m  [["id", 3], ["LIMIT", 1]]
  Rendering users/show.html.erb within layouts/application
  Rendered users/show.html.erb within layouts/application (0.8ms)
Completed 200 OK in 23ms (Views: 20.5ms | ActiveRecord: 0.1ms)


Started POST "/users" for 127.0.0.1 at 2018-11-29 16:52:21 +0900
Processing by UsersController#create as HTML
  Parameters: {"utf8"=>"✓", "authenticity_token"=>"NDuLsv8u13ZiR7mtDokk3gtghWsKmOxpQzetApuvJ/42FWAyBk15DcMkeaqWhC4Ql4g5u/T+AwkAlA0sJDK7xw==", "user"=>{"name"=>"", "email"=>"@example.com"}, "commit"=>"Create User"}
  [1m[35m (0.1ms)[0m  [1m[36mbegin transaction[0m
  [1m[35mSQL (0.3ms)[0m  [1m[32mINSERT INTO "users" ("name", "email", "created_at", "updated_at") VALUES (?, ?, ?, ?)[0m  [["name", ""], ["email", "@example.com"], ["created_at", "2018-11-29 07:52:21.192109"], ["updated_at", "2018-11-29 07:52:21.192109"]]
  [1m[35m (2.5ms)[0m  [1m[36mcommit transaction[0m
Redirected to http://localhost:3000/users/4
Completed 302 Found in 7ms (ActiveRecord: 3.0ms)


Started GET "/users/4" for 127.0.0.1 at 2018-11-29 16:52:21 +0900
Processing by UsersController#show as HTML
  Parameters: {"id"=>"4"}
  [1m[36mUser Load (0.1ms)[0m  [1m[34mSELECT  "users".* FROM "users" WHERE "users"."id" = ? LIMIT ?[0m  [["id", 4], ["LIMIT", 1]]
  Rendering users/show.html.erb within layouts/application
  Rendered users/show.html.erb within layouts/application (0.8ms)
Completed 200 OK in 25ms (Views: 22.9ms | ActiveRecord: 0.1ms)


Started GET "/users/4" for 127.0.0.1 at 2018-11-29 16:52:45 +0900
Processing by UsersController#show as HTML
  Parameters: {"id"=>"4"}
  [1m[36mUser Load (0.2ms)[0m  [1m[34mSELECT  "users".* FROM "users" WHERE "users"."id" = ? LIMIT ?[0m  [["id", 4], ["LIMIT", 1]]
  Rendering users/show.html.erb within layouts/application
  Rendered users/show.html.erb within layouts/application (0.7ms)
Completed 200 OK in 27ms (Views: 21.8ms | ActiveRecord: 0.2ms)


Started GET "/users/4" for 127.0.0.1 at 2018-11-29 16:52:52 +0900
Processing by UsersController#show as HTML
  Parameters: {"id"=>"4"}
  [1m[36mUser Load (0.2ms)[0m  [1m[34mSELECT  "users".* FROM "users" WHERE "users"."id" = ? LIMIT ?[0m  [["id", 4], ["LIMIT", 1]]
  Rendering users/show.html.erb within layouts/application
  Rendered users/show.html.erb within layouts/application (0.9ms)
Completed 200 OK in 27ms (Views: 24.0ms | ActiveRecord: 0.2ms)


Started GET "/users/4" for 127.0.0.1 at 2018-12-02 04:53:47 +0900
  [1m[35m (2.6ms)[0m  [1m[34mSELECT "schema_migrations"."version" FROM "schema_migrations" ORDER BY "schema_migrations"."version" ASC[0m
Processing by UsersController#show as HTML
  Parameters: {"id"=>"4"}
  [1m[36mUser Load (2.2ms)[0m  [1m[34mSELECT  "users".* FROM "users" WHERE "users"."id" = ? LIMIT ?[0m  [["id", 4], ["LIMIT", 1]]
  Rendering users/show.html.erb within layouts/application
  Rendered users/show.html.erb within layouts/application (9.5ms)
Completed 200 OK in 530ms (Views: 479.2ms | ActiveRecord: 3.2ms)


Started GET "/users/1" for 127.0.0.1 at 2018-12-02 04:53:54 +0900
Processing by UsersController#show as HTML
  Parameters: {"id"=>"1"}
  [1m[36mUser Load (0.1ms)[0m  [1m[34mSELECT  "users".* FROM "users" WHERE "users"."id" = ? LIMIT ?[0m  [["id", 1], ["LIMIT", 1]]
Completed 404 Not Found in 2ms (ActiveRecord: 0.4ms)


  
ActiveRecord::RecordNotFound (Couldn't find User with 'id'=1):
  
app/controllers/users_controller.rb:67:in `set_user'
Started GET "/users/4/edit" for 127.0.0.1 at 2018-12-02 04:54:02 +0900
Processing by UsersController#edit as HTML
  Parameters: {"id"=>"4"}
  [1m[36mUser Load (0.3ms)[0m  [1m[34mSELECT  "users".* FROM "users" WHERE "users"."id" = ? LIMIT ?[0m  [["id", 4], ["LIMIT", 1]]
  Rendering users/edit.html.erb within layouts/application
  Rendered users/_form.html.erb (53.0ms)
  Rendered users/edit.html.erb within layouts/application (58.2ms)
Completed 200 OK in 134ms (Views: 126.4ms | ActiveRecord: 0.3ms)


Started GET "/users" for 127.0.0.1 at 2018-12-02 04:54:07 +0900
Processing by UsersController#index as HTML
  Rendering users/index.html.erb within layouts/application
  [1m[36mUser Load (0.4ms)[0m  [1m[34mSELECT "users".* FROM "users"[0m
  Rendered users/index.html.erb within layouts/application (3.0ms)
Completed 200 OK in 41ms (Views: 32.7ms | ActiveRecord: 0.4ms)


Started DELETE "/users/3" for 127.0.0.1 at 2018-12-02 04:54:12 +0900
Processing by UsersController#destroy as HTML
  Parameters: {"authenticity_token"=>"Obb6lDjvAF3FxahxO1NGWwGobyeI/gKnJb/m3E04FJw7mBEUwYyuJmSmaHajXkyVnUDT93aY7cdmHEby8qWIpQ==", "id"=>"3"}
  [1m[36mUser Load (0.3ms)[0m  [1m[34mSELECT  "users".* FROM "users" WHERE "users"."id" = ? LIMIT ?[0m  [["id", 3], ["LIMIT", 1]]
  [1m[35m (0.1ms)[0m  [1m[36mbegin transaction[0m
  [1m[35mSQL (3.5ms)[0m  [1m[31mDELETE FROM "users" WHERE "users"."id" = ?[0m  [["id", 3]]
  [1m[35m (3.7ms)[0m  [1m[36mcommit transaction[0m
Redirected to http://localhost:3000/users
Completed 302 Found in 11ms (ActiveRecord: 7.5ms)


Started GET "/users" for 127.0.0.1 at 2018-12-02 04:54:12 +0900
Processing by UsersController#index as HTML
  Rendering users/index.html.erb within layouts/application
  [1m[36mUser Load (0.2ms)[0m  [1m[34mSELECT "users".* FROM "users"[0m
  Rendered users/index.html.erb within layouts/application (1.8ms)
Completed 200 OK in 35ms (Views: 31.3ms | ActiveRecord: 0.2ms)


Started DELETE "/users/4" for 127.0.0.1 at 2018-12-02 04:54:16 +0900
Processing by UsersController#destroy as HTML
  Parameters: {"authenticity_token"=>"IMBaQgINNcED3zxeE8tAT2xmsPV4IQ03qH+yODjBXwUi7rHC+26buqK8/FmLxkqB8I4MJYZH4lfr3BIWh1zDPA==", "id"=>"4"}
  [1m[36mUser Load (0.1ms)[0m  [1m[34mSELECT  "users".* FROM "users" WHERE "users"."id" = ? LIMIT ?[0m  [["id", 4], ["LIMIT", 1]]
  [1m[35m (0.1ms)[0m  [1m[36mbegin transaction[0m
  [1m[35mSQL (0.4ms)[0m  [1m[31mDELETE FROM "users" WHERE "users"."id" = ?[0m  [["id", 4]]
  [1m[35m (2.7ms)[0m  [1m[36mcommit transaction[0m
Redirected to http://localhost:3000/users
Completed 302 Found in 7ms (ActiveRecord: 3.3ms)


Started GET "/users" for 127.0.0.1 at 2018-12-02 04:54:16 +0900
Processing by UsersController#index as HTML
  Rendering users/index.html.erb within layouts/application
  [1m[36mUser Load (0.3ms)[0m  [1m[34mSELECT "users".* FROM "users"[0m
  Rendered users/index.html.erb within layouts/application (1.5ms)
Completed 200 OK in 27ms (Views: 24.1ms | ActiveRecord: 0.3ms)


Started GET "/users/new" for 127.0.0.1 at 2018-12-02 04:54:18 +0900
Processing by UsersController#new as HTML
  Rendering users/new.html.erb within layouts/application
  Rendered users/_form.html.erb (3.3ms)
  Rendered users/new.html.erb within layouts/application (8.6ms)
Completed 200 OK in 42ms (Views: 34.8ms | ActiveRecord: 0.0ms)


Started GET "/users/4" for 127.0.0.1 at 2018-12-02 04:54:24 +0900
Processing by UsersController#show as HTML
  Parameters: {"id"=>"4"}
  [1m[36mUser Load (0.1ms)[0m  [1m[34mSELECT  "users".* FROM "users" WHERE "users"."id" = ? LIMIT ?[0m  [["id", 4], ["LIMIT", 1]]
Completed 404 Not Found in 1ms (ActiveRecord: 0.1ms)


  
ActiveRecord::RecordNotFound (Couldn't find User with 'id'=4):
  
app/controllers/users_controller.rb:67:in `set_user'
Started GET "/users" for 127.0.0.1 at 2018-12-02 04:56:43 +0900
Processing by UsersController#index as HTML
  Rendering users/index.html.erb within layouts/application
  [1m[36mUser Load (0.2ms)[0m  [1m[34mSELECT "users".* FROM "users"[0m
  Rendered users/index.html.erb within layouts/application (5.0ms)
Completed 200 OK in 90ms (Views: 77.9ms | ActiveRecord: 1.2ms)


Started GET "/users" for 127.0.0.1 at 2018-12-02 04:56:52 +0900
Processing by UsersController#index as HTML
  Rendering users/index.html.erb within layouts/application
  [1m[36mUser Load (0.2ms)[0m  [1m[34mSELECT "users".* FROM "users"[0m
  Rendered users/index.html.erb within layouts/application (1.4ms)
Completed 200 OK in 27ms (Views: 24.3ms | ActiveRecord: 0.2ms)


Started GET "/users" for 127.0.0.1 at 2018-12-02 04:57:03 +0900
Processing by UsersController#index as HTML
  Rendering users/index.html.erb within layouts/application
  [1m[36mUser Load (0.3ms)[0m  [1m[34mSELECT "users".* FROM "users"[0m
  Rendered users/index.html.erb within layouts/application (3.5ms)
Completed 200 OK in 32ms (Views: 26.8ms | ActiveRecord: 0.8ms)


Started GET "/users" for 127.0.0.1 at 2018-12-02 04:57:10 +0900
Processing by UsersController#index as HTML
  Rendering users/index.html.erb within layouts/application
  [1m[36mUser Load (0.2ms)[0m  [1m[34mSELECT "users".* FROM "users"[0m
  Rendered users/index.html.erb within layouts/application (3.9ms)
Completed 200 OK in 34ms (Views: 28.4ms | ActiveRecord: 1.0ms)


Started GET "/users/new" for 127.0.0.1 at 2018-12-02 04:57:18 +0900
Processing by UsersController#new as HTML
  Rendering users/new.html.erb within layouts/application
  Rendered users/_form.html.erb (2.9ms)
  Rendered users/new.html.erb within layouts/application (7.6ms)
Completed 200 OK in 42ms (Views: 27.8ms | ActiveRecord: 1.2ms)


Started GET "/users" for 127.0.0.1 at 2018-12-02 04:57:26 +0900
Processing by UsersController#index as HTML
  Rendering users/index.html.erb within layouts/application
  [1m[36mUser Load (0.1ms)[0m  [1m[34mSELECT "users".* FROM "users"[0m
  Rendered users/index.html.erb within layouts/application (3.5ms)
Completed 200 OK in 29ms (Views: 23.6ms | ActiveRecord: 0.7ms)


Started GET "/users/new" for 127.0.0.1 at 2018-12-02 04:57:27 +0900
Processing by UsersController#new as HTML
  Rendering users/new.html.erb within layouts/application
  Rendered users/_form.html.erb (2.3ms)
  Rendered users/new.html.erb within layouts/application (5.2ms)
Completed 200 OK in 40ms (Views: 28.3ms | ActiveRecord: 0.5ms)


Started GET "/users" for 127.0.0.1 at 2018-12-02 04:57:32 +0900
Processing by UsersController#index as HTML
  Rendering users/index.html.erb within layouts/application
  [1m[36mUser Load (0.2ms)[0m  [1m[34mSELECT "users".* FROM "users"[0m
  Rendered users/index.html.erb within layouts/application (1.5ms)
Completed 200 OK in 32ms (Views: 26.2ms | ActiveRecord: 0.2ms)


Started GET "/users" for 127.0.0.1 at 2018-12-02 04:57:33 +0900
Processing by UsersController#index as HTML
  Rendering users/index.html.erb within layouts/application
  [1m[36mUser Load (0.2ms)[0m  [1m[34mSELECT "users".* FROM "users"[0m
  Rendered users/index.html.erb within layouts/application (1.4ms)
Completed 200 OK in 24ms (Views: 21.3ms | ActiveRecord: 0.2ms)


Started GET "/users" for 127.0.0.1 at 2018-12-02 04:59:26 +0900
Processing by UsersController#index as HTML
  Rendering users/index.html.erb within layouts/application
  [1m[36mUser Load (0.3ms)[0m  [1m[34mSELECT "users".* FROM "users"[0m
  Rendered users/index.html.erb within layouts/application (1.8ms)
Completed 200 OK in 80ms (Views: 73.9ms | ActiveRecord: 0.3ms)


Started GET "/users/new" for 127.0.0.1 at 2018-12-02 04:59:28 +0900
Processing by UsersController#new as HTML
  Rendering users/new.html.erb within layouts/application
  Rendered users/_form.html.erb (3.9ms)
  Rendered users/new.html.erb within layouts/application (8.4ms)
Completed 200 OK in 52ms (Views: 47.4ms | ActiveRecord: 0.0ms)


Started GET "/users" for 127.0.0.1 at 2018-12-02 04:59:34 +0900
Processing by UsersController#index as HTML
  Rendering users/index.html.erb within layouts/application
  [1m[36mUser Load (0.2ms)[0m  [1m[34mSELECT "users".* FROM "users"[0m
  Rendered users/index.html.erb within layouts/application (1.6ms)
Completed 200 OK in 29ms (Views: 26.6ms | ActiveRecord: 0.2ms)


Started GET "/users/new" for 127.0.0.1 at 2018-12-02 04:59:36 +0900
Processing by UsersController#new as HTML
  Rendering users/new.html.erb within layouts/application
  Rendered users/_form.html.erb (2.4ms)
  Rendered users/new.html.erb within layouts/application (5.7ms)
Completed 200 OK in 38ms (Views: 35.7ms | ActiveRecord: 0.0ms)


Started GET "/users" for 127.0.0.1 at 2018-12-02 04:59:51 +0900
Processing by UsersController#index as HTML
  Rendering users/index.html.erb within layouts/application
  [1m[36mUser Load (0.2ms)[0m  [1m[34mSELECT "users".* FROM "users"[0m
  Rendered users/index.html.erb within layouts/application (1.6ms)
Completed 200 OK in 63ms (Views: 57.7ms | ActiveRecord: 0.2ms)


Started GET "/users" for 127.0.0.1 at 2018-12-02 05:01:27 +0900
Processing by UsersController#index as HTML
  Rendering users/index.html.erb within layouts/application
  [1m[36mUser Load (0.3ms)[0m  [1m[34mSELECT "users".* FROM "users"[0m
  Rendered users/index.html.erb within layouts/application (3.8ms)
Completed 200 OK in 84ms (Views: 65.6ms | ActiveRecord: 1.0ms)


Started GET "/users" for 127.0.0.1 at 2018-12-02 05:02:35 +0900
Processing by UsersController#index as HTML
  Rendering users/index.html.erb within layouts/application
  [1m[36mUser Load (0.1ms)[0m  [1m[34mSELECT "users".* FROM "users"[0m
  Rendered users/index.html.erb within layouts/application (3.1ms)
Completed 200 OK in 71ms (Views: 57.9ms | ActiveRecord: 0.7ms)


Started GET "/users" for 127.0.0.1 at 2018-12-02 05:03:52 +0900
  [1m[35m (0.4ms)[0m  [1m[34mSELECT "schema_migrations"."version" FROM "schema_migrations" ORDER BY "schema_migrations"."version" ASC[0m
Processing by UsersController#index as HTML
  Rendering users/index.html.erb within layouts/application
  [1m[36mUser Load (0.2ms)[0m  [1m[34mSELECT "users".* FROM "users"[0m
  Rendered users/index.html.erb within layouts/application (6.0ms)
Completed 200 OK in 470ms (Views: 436.3ms | ActiveRecord: 0.6ms)


Started GET "/users" for 127.0.0.1 at 2018-12-02 05:03:54 +0900
Processing by UsersController#index as HTML
  Rendering users/index.html.erb within layouts/application
  [1m[36mUser Load (0.1ms)[0m  [1m[34mSELECT "users".* FROM "users"[0m
  Rendered users/index.html.erb within layouts/application (2.2ms)
Completed 200 OK in 43ms (Views: 39.4ms | ActiveRecord: 0.4ms)


Started GET "/users" for 127.0.0.1 at 2018-12-02 05:03:57 +0900
Processing by UsersController#index as HTML
  Rendering users/index.html.erb within layouts/application
  [1m[36mUser Load (0.2ms)[0m  [1m[34mSELECT "users".* FROM "users"[0m
  Rendered users/index.html.erb within layouts/application (1.5ms)
Completed 200 OK in 30ms (Views: 24.9ms | ActiveRecord: 0.2ms)


Started GET "/users" for 127.0.0.1 at 2018-12-02 05:04:08 +0900
Processing by UsersController#index as HTML
  Rendering users/index.html.erb within layouts/application
  [1m[36mUser Load (0.2ms)[0m  [1m[34mSELECT "users".* FROM "users"[0m
  Rendered users/index.html.erb within layouts/application (1.7ms)
Completed 200 OK in 35ms (Views: 30.1ms | ActiveRecord: 0.2ms)


Started GET "/users" for 127.0.0.1 at 2018-12-02 05:07:58 +0900
Processing by UsersController#index as HTML
  Rendering users/index.html.erb within layouts/application
  [1m[36mUser Load (0.3ms)[0m  [1m[34mSELECT "users".* FROM "users"[0m
  Rendered users/index.html.erb within layouts/application (2.0ms)
Completed 200 OK in 76ms (Views: 66.2ms | ActiveRecord: 0.3ms)


Started GET "/" for 127.0.0.1 at 2018-12-02 05:08:07 +0900
Processing by ApplicationController#hello as HTML
  Rendering html template
  Rendered html template (0.1ms)
Completed 200 OK in 5ms (Views: 4.9ms | ActiveRecord: 0.0ms)


Started GET "/" for 127.0.0.1 at 2018-12-02 05:08:35 +0900
  
AbstractController::ActionNotFound (The action 'index' could not be found for ApplicationController):
  
vendor/bundle/gems/actionpack-5.1.6/lib/abstract_controller/base.rb:119:in `process'
vendor/bundle/gems/actionview-5.1.6/lib/action_view/rendering.rb:30:in `process'
vendor/bundle/gems/actionpack-5.1.6/lib/action_controller/metal.rb:189:in `dispatch'
vendor/bundle/gems/actionpack-5.1.6/lib/action_controller/metal.rb:253:in `dispatch'
vendor/bundle/gems/actionpack-5.1.6/lib/action_dispatch/routing/route_set.rb:49:in `dispatch'
vendor/bundle/gems/actionpack-5.1.6/lib/action_dispatch/routing/route_set.rb:31:in `serve'
vendor/bundle/gems/actionpack-5.1.6/lib/action_dispatch/journey/router.rb:50:in `block in serve'
vendor/bundle/gems/actionpack-5.1.6/lib/action_dispatch/journey/router.rb:33:in `each'
vendor/bundle/gems/actionpack-5.1.6/lib/action_dispatch/journey/router.rb:33:in `serve'
vendor/bundle/gems/actionpack-5.1.6/lib/action_dispatch/routing/route_set.rb:844:in `call'
vendor/bundle/gems/rack-2.0.6/lib/rack/etag.rb:25:in `call'
vendor/bundle/gems/rack-2.0.6/lib/rack/conditional_get.rb:25:in `call'
vendor/bundle/gems/rack-2.0.6/lib/rack/head.rb:12:in `call'
vendor/bundle/gems/rack-2.0.6/lib/rack/session/abstract/id.rb:232:in `context'
vendor/bundle/gems/rack-2.0.6/lib/rack/session/abstract/id.rb:226:in `call'
vendor/bundle/gems/actionpack-5.1.6/lib/action_dispatch/middleware/cookies.rb:613:in `call'
vendor/bundle/gems/activerecord-5.1.6/lib/active_record/migration.rb:556:in `call'
vendor/bundle/gems/actionpack-5.1.6/lib/action_dispatch/middleware/callbacks.rb:26:in `block in call'
vendor/bundle/gems/activesupport-5.1.6/lib/active_support/callbacks.rb:97:in `run_callbacks'
vendor/bundle/gems/actionpack-5.1.6/lib/action_dispatch/middleware/callbacks.rb:24:in `call'
vendor/bundle/gems/actionpack-5.1.6/lib/action_dispatch/middleware/executor.rb:12:in `call'
vendor/bundle/gems/actionpack-5.1.6/lib/action_dispatch/middleware/debug_exceptions.rb:59:in `call'
vendor/bundle/gems/web-console-3.5.1/lib/web_console/middleware.rb:135:in `call_app'
vendor/bundle/gems/web-console-3.5.1/lib/web_console/middleware.rb:28:in `block in call'
vendor/bundle/gems/web-console-3.5.1/lib/web_console/middleware.rb:18:in `catch'
vendor/bundle/gems/web-console-3.5.1/lib/web_console/middleware.rb:18:in `call'
vendor/bundle/gems/actionpack-5.1.6/lib/action_dispatch/middleware/show_exceptions.rb:31:in `call'
vendor/bundle/gems/railties-5.1.6/lib/rails/rack/logger.rb:36:in `call_app'
vendor/bundle/gems/railties-5.1.6/lib/rails/rack/logger.rb:24:in `block in call'
vendor/bundle/gems/activesupport-5.1.6/lib/active_support/tagged_logging.rb:69:in `block in tagged'
vendor/bundle/gems/activesupport-5.1.6/lib/active_support/tagged_logging.rb:26:in `tagged'
vendor/bundle/gems/activesupport-5.1.6/lib/active_support/tagged_logging.rb:69:in `tagged'
vendor/bundle/gems/railties-5.1.6/lib/rails/rack/logger.rb:24:in `call'
vendor/bundle/gems/sprockets-rails-3.2.1/lib/sprockets/rails/quiet_assets.rb:13:in `call'
vendor/bundle/gems/actionpack-5.1.6/lib/action_dispatch/middleware/remote_ip.rb:79:in `call'
vendor/bundle/gems/actionpack-5.1.6/lib/action_dispatch/middleware/request_id.rb:25:in `call'
vendor/bundle/gems/rack-2.0.6/lib/rack/method_override.rb:22:in `call'
vendor/bundle/gems/rack-2.0.6/lib/rack/runtime.rb:22:in `call'
vendor/bundle/gems/activesupport-5.1.6/lib/active_support/cache/strategy/local_cache_middleware.rb:27:in `call'
vendor/bundle/gems/actionpack-5.1.6/lib/action_dispatch/middleware/executor.rb:12:in `call'
vendor/bundle/gems/actionpack-5.1.6/lib/action_dispatch/middleware/static.rb:125:in `call'
vendor/bundle/gems/rack-2.0.6/lib/rack/sendfile.rb:111:in `call'
vendor/bundle/gems/railties-5.1.6/lib/rails/engine.rb:522:in `call'
vendor/bundle/gems/puma-3.9.1/lib/puma/configuration.rb:224:in `call'
vendor/bundle/gems/puma-3.9.1/lib/puma/server.rb:602:in `handle_request'
vendor/bundle/gems/puma-3.9.1/lib/puma/server.rb:435:in `process_client'
vendor/bundle/gems/puma-3.9.1/lib/puma/server.rb:299:in `block in run'
vendor/bundle/gems/puma-3.9.1/lib/puma/thread_pool.rb:120:in `block in spawn_thread'
Started GET "/" for 127.0.0.1 at 2018-12-02 05:08:45 +0900
Processing by UsersController#index as HTML
  Rendering users/index.html.erb within layouts/application
  [1m[36mUser Load (0.1ms)[0m  [1m[34mSELECT "users".* FROM "users"[0m
  Rendered users/index.html.erb within layouts/application (3.5ms)
Completed 200 OK in 86ms (Views: 70.8ms | ActiveRecord: 0.8ms)


  [1m[35m (0.2ms)[0m  [1m[34mSELECT "schema_migrations"."version" FROM "schema_migrations" ORDER BY "schema_migrations"."version" ASC[0m
Migrating to CreateMicroposts (20181201202010)
  [1m[35m (0.1ms)[0m  [1m[36mbegin transaction[0m
  [1m[35m (2.3ms)[0m  [1m[34mSELECT sqlite_version(*)[0m
  [1m[35m (7.4ms)[0m  [1m[35mCREATE TABLE "microposts" ("id" INTEGER PRIMARY KEY AUTOINCREMENT NOT NULL, "content" text, "user_id" integer, "created_at" datetime NOT NULL, "updated_at" datetime NOT NULL)[0m
  [1m[35mSQL (0.3ms)[0m  [1m[32mINSERT INTO "schema_migrations" ("version") VALUES (?)[0m  [["version", "20181201202010"]]
  [1m[35m (3.0ms)[0m  [1m[36mcommit transaction[0m
  [1m[36mActiveRecord::InternalMetadata Load (0.2ms)[0m  [1m[34mSELECT  "ar_internal_metadata".* FROM "ar_internal_metadata" WHERE "ar_internal_metadata"."key" = ? LIMIT ?[0m  [["key", "environment"], ["LIMIT", 1]]
  [1m[35m (0.1ms)[0m  [1m[36mbegin transaction[0m
  [1m[35m (0.0ms)[0m  [1m[36mcommit transaction[0m
  [1m[35m (0.1ms)[0m  [1m[34mSELECT "schema_migrations"."version" FROM "schema_migrations" ORDER BY "schema_migrations"."version" ASC[0m
Started GET "/" for 127.0.0.1 at 2018-12-02 05:24:34 +0900
  [1m[35m (0.1ms)[0m  [1m[34mSELECT "schema_migrations"."version" FROM "schema_migrations" ORDER BY "schema_migrations"."version" ASC[0m
Processing by UsersController#index as HTML
  Rendering users/index.html.erb within layouts/application
  [1m[36mUser Load (0.2ms)[0m  [1m[34mSELECT "users".* FROM "users"[0m
  Rendered users/index.html.erb within layouts/application (2.6ms)
Completed 200 OK in 164ms (Views: 149.7ms | ActiveRecord: 0.6ms)


Started GET "/users/new" for 127.0.0.1 at 2018-12-02 05:24:37 +0900
Processing by UsersController#new as HTML
  Rendering users/new.html.erb within layouts/application
  Rendered users/_form.html.erb (55.0ms)
  Rendered users/new.html.erb within layouts/application (62.2ms)
Completed 200 OK in 119ms (Views: 102.7ms | ActiveRecord: 0.6ms)


Started GET "/users/new" for 127.0.0.1 at 2018-12-02 05:24:38 +0900
Processing by UsersController#new as HTML
  Rendering users/new.html.erb within layouts/application
  Rendered users/_form.html.erb (2.5ms)
  Rendered users/new.html.erb within layouts/application (6.1ms)
Completed 200 OK in 34ms (Views: 30.3ms | ActiveRecord: 0.0ms)


Started GET "/" for 127.0.0.1 at 2018-12-02 05:24:40 +0900
Processing by UsersController#index as HTML
  Rendering users/index.html.erb within layouts/application
  [1m[36mUser Load (0.2ms)[0m  [1m[34mSELECT "users".* FROM "users"[0m
  Rendered users/index.html.erb within layouts/application (2.0ms)
Completed 200 OK in 35ms (Views: 31.8ms | ActiveRecord: 0.2ms)


Started GET "/" for 127.0.0.1 at 2018-12-02 05:24:42 +0900
Processing by UsersController#index as HTML
  Rendering users/index.html.erb within layouts/application
  [1m[36mUser Load (0.2ms)[0m  [1m[34mSELECT "users".* FROM "users"[0m
  Rendered users/index.html.erb within layouts/application (1.7ms)
Completed 200 OK in 30ms (Views: 26.9ms | ActiveRecord: 0.2ms)


Started GET "/" for 127.0.0.1 at 2018-12-02 05:24:48 +0900
Processing by UsersController#index as HTML
  Rendering users/index.html.erb within layouts/application
  [1m[36mUser Load (0.2ms)[0m  [1m[34mSELECT "users".* FROM "users"[0m
  Rendered users/index.html.erb within layouts/application (1.4ms)
Completed 200 OK in 36ms (Views: 33.0ms | ActiveRecord: 0.2ms)


Started GET "/users/new" for 127.0.0.1 at 2018-12-02 05:24:51 +0900
Processing by UsersController#new as HTML
  Rendering users/new.html.erb within layouts/application
  Rendered users/_form.html.erb (2.5ms)
  Rendered users/new.html.erb within layouts/application (6.4ms)
Completed 200 OK in 35ms (Views: 32.2ms | ActiveRecord: 0.0ms)


Started GET "/microposts" for 127.0.0.1 at 2018-12-02 05:25:38 +0900
Processing by MicropostsController#index as HTML
  Rendering microposts/index.html.erb within layouts/application
  [1m[36mMicropost Load (0.2ms)[0m  [1m[34mSELECT "microposts".* FROM "microposts"[0m
  Rendered microposts/index.html.erb within layouts/application (2.8ms)
Completed 200 OK in 91ms (Views: 79.3ms | ActiveRecord: 0.5ms)


Started GET "/microposts/new" for 127.0.0.1 at 2018-12-02 05:25:40 +0900
Processing by MicropostsController#new as HTML
  Rendering microposts/new.html.erb within layouts/application
  Rendered microposts/_form.html.erb (10.1ms)
  Rendered microposts/new.html.erb within layouts/application (15.0ms)
Completed 200 OK in 54ms (Views: 43.2ms | ActiveRecord: 0.3ms)


Started GET "/" for 127.0.0.1 at 2018-12-02 05:25:47 +0900
Processing by UsersController#index as HTML
  Rendering users/index.html.erb within layouts/application
  [1m[36mUser Load (0.2ms)[0m  [1m[34mSELECT "users".* FROM "users"[0m
  Rendered users/index.html.erb within layouts/application (1.4ms)
Completed 200 OK in 35ms (Views: 30.1ms | ActiveRecord: 0.2ms)


Started GET "/users/new" for 127.0.0.1 at 2018-12-02 05:26:09 +0900
Processing by UsersController#new as HTML
  Rendering users/new.html.erb within layouts/application
  Rendered users/_form.html.erb (2.7ms)
  Rendered users/new.html.erb within layouts/application (8.7ms)
Completed 200 OK in 92ms (Views: 83.5ms | ActiveRecord: 0.0ms)


Started GET "/" for 127.0.0.1 at 2018-12-02 05:27:22 +0900
Processing by UsersController#index as HTML
  Rendering users/index.html.erb within layouts/application
  [1m[36mUser Load (0.3ms)[0m  [1m[34mSELECT "users".* FROM "users"[0m
  Rendered users/index.html.erb within layouts/application (2.6ms)
Completed 200 OK in 88ms (Views: 82.9ms | ActiveRecord: 0.3ms)


Started GET "/users/new" for 127.0.0.1 at 2018-12-02 05:27:27 +0900
Processing by UsersController#new as HTML
  Rendering users/new.html.erb within layouts/application
  Rendered users/_form.html.erb (2.6ms)
  Rendered users/new.html.erb within layouts/application (7.8ms)
Completed 200 OK in 52ms (Views: 46.3ms | ActiveRecord: 0.0ms)


Started GET "/" for 127.0.0.1 at 2018-12-02 05:27:37 +0900
Processing by UsersController#index as HTML
  Rendering users/index.html.erb within layouts/application
  [1m[36mUser Load (0.2ms)[0m  [1m[34mSELECT "users".* FROM "users"[0m
  Rendered users/index.html.erb within layouts/application (1.7ms)
Completed 200 OK in 32ms (Views: 29.0ms | ActiveRecord: 0.2ms)


Started GET "/users/new" for 127.0.0.1 at 2018-12-02 05:27:39 +0900
Processing by UsersController#new as HTML
  Rendering users/new.html.erb within layouts/application
  Rendered users/_form.html.erb (3.0ms)
  Rendered users/new.html.erb within layouts/application (5.6ms)
Completed 200 OK in 36ms (Views: 33.1ms | ActiveRecord: 0.0ms)


Started GET "/" for 127.0.0.1 at 2018-12-02 05:28:34 +0900
Processing by MicropostsController#index as HTML
  Rendering microposts/index.html.erb within layouts/application
  [1m[36mMicropost Load (0.2ms)[0m  [1m[34mSELECT "microposts".* FROM "microposts"[0m
  Rendered microposts/index.html.erb within layouts/application (4.6ms)
Completed 200 OK in 87ms (Views: 71.7ms | ActiveRecord: 1.1ms)


Started GET "/microposts/new" for 127.0.0.1 at 2018-12-02 05:28:43 +0900
Processing by MicropostsController#new as HTML
  Rendering microposts/new.html.erb within layouts/application
  Rendered microposts/_form.html.erb (3.8ms)
  Rendered microposts/new.html.erb within layouts/application (8.5ms)
Completed 200 OK in 47ms (Views: 32.6ms | ActiveRecord: 0.6ms)


Started POST "/microposts" for 127.0.0.1 at 2018-12-02 05:28:57 +0900
Processing by MicropostsController#create as HTML
  Parameters: {"utf8"=>"✓", "authenticity_token"=>"7F4pnn+OCBdiQCKiZsTF4Abpj56WP82S7Wqn+UnHyWyV0ZxCq149/lJLZW1YmF0NOqAHv1kuZ2r+8oF2zH/NFQ==", "micropost"=>{"content"=>"First", "user_id"=>"1"}, "commit"=>"Create Micropost"}
  [1m[35m (0.1ms)[0m  [1m[36mbegin transaction[0m
  [1m[35mSQL (0.5ms)[0m  [1m[32mINSERT INTO "microposts" ("content", "user_id", "created_at", "updated_at") VALUES (?, ?, ?, ?)[0m  [["content", "First"], ["user_id", 1], ["created_at", "2018-12-01 20:28:57.769579"], ["updated_at", "2018-12-01 20:28:57.769579"]]
  [1m[35m (3.0ms)[0m  [1m[36mcommit transaction[0m
Redirected to http://localhost:3000/microposts/1
Completed 302 Found in 8ms (ActiveRecord: 3.6ms)


Started GET "/microposts/1" for 127.0.0.1 at 2018-12-02 05:28:57 +0900
Processing by MicropostsController#show as HTML
  Parameters: {"id"=>"1"}
  [1m[36mMicropost Load (0.2ms)[0m  [1m[34mSELECT  "microposts".* FROM "microposts" WHERE "microposts"."id" = ? LIMIT ?[0m  [["id", 1], ["LIMIT", 1]]
  Rendering microposts/show.html.erb within layouts/application
  Rendered microposts/show.html.erb within layouts/application (0.8ms)
Completed 200 OK in 40ms (Views: 24.9ms | ActiveRecord: 0.2ms)


Started GET "/microposts" for 127.0.0.1 at 2018-12-02 05:29:06 +0900
Processing by MicropostsController#index as HTML
  Rendering microposts/index.html.erb within layouts/application
  [1m[36mMicropost Load (0.2ms)[0m  [1m[34mSELECT "microposts".* FROM "microposts"[0m
  Rendered microposts/index.html.erb within layouts/application (2.7ms)
Completed 200 OK in 35ms (Views: 31.5ms | ActiveRecord: 0.2ms)


Started GET "/microposts" for 127.0.0.1 at 2018-12-02 05:32:10 +0900
Processing by MicropostsController#index as HTML
  Rendering microposts/index.html.erb within layouts/application
  [1m[36mMicropost Load (0.1ms)[0m  [1m[34mSELECT "microposts".* FROM "microposts"[0m
  Rendered microposts/index.html.erb within layouts/application (11.1ms)
Completed 200 OK in 97ms (Views: 83.5ms | ActiveRecord: 1.2ms)


Started GET "/microposts/1/edit" for 127.0.0.1 at 2018-12-02 05:32:13 +0900
Processing by MicropostsController#edit as HTML
  Parameters: {"id"=>"1"}
  [1m[36mMicropost Load (0.2ms)[0m  [1m[34mSELECT  "microposts".* FROM "microposts" WHERE "microposts"."id" = ? LIMIT ?[0m  [["id", 1], ["LIMIT", 1]]
  Rendering microposts/edit.html.erb within layouts/application
  Rendered microposts/_form.html.erb (3.0ms)
  Rendered microposts/edit.html.erb within layouts/application (9.8ms)
Completed 200 OK in 44ms (Views: 36.9ms | ActiveRecord: 0.2ms)


Started DELETE "/microposts/1" for 127.0.0.1 at 2018-12-02 05:32:16 +0900
Processing by MicropostsController#destroy as HTML
  Parameters: {"authenticity_token"=>"Ag0IccMzBJDZXjt6jfec+Ie5KM+22A9jL34SLdL1VrrgQm9I17kmZD8y3lGHO5c0p5yGDF5oXXkDoOAwGHrksg==", "id"=>"1"}
  [1m[36mMicropost Load (0.2ms)[0m  [1m[34mSELECT  "microposts".* FROM "microposts" WHERE "microposts"."id" = ? LIMIT ?[0m  [["id", 1], ["LIMIT", 1]]
  [1m[35m (0.1ms)[0m  [1m[36mbegin transaction[0m
  [1m[35mSQL (0.8ms)[0m  [1m[31mDELETE FROM "microposts" WHERE "microposts"."id" = ?[0m  [["id", 1]]
  [1m[35m (2.8ms)[0m  [1m[36mcommit transaction[0m
Redirected to http://localhost:3000/microposts
Completed 302 Found in 8ms (ActiveRecord: 3.8ms)


Started GET "/microposts" for 127.0.0.1 at 2018-12-02 05:32:16 +0900
Processing by MicropostsController#index as HTML
  Rendering microposts/index.html.erb within layouts/application
  [1m[36mMicropost Load (0.2ms)[0m  [1m[34mSELECT "microposts".* FROM "microposts"[0m
  Rendered microposts/index.html.erb within layouts/application (1.4ms)
Completed 200 OK in 36ms (Views: 31.1ms | ActiveRecord: 0.2ms)


Started GET "/" for 127.0.0.1 at 2018-12-02 05:32:21 +0900
Processing by MicropostsController#index as HTML
  Rendering microposts/index.html.erb within layouts/application
  [1m[36mMicropost Load (0.3ms)[0m  [1m[34mSELECT "microposts".* FROM "microposts"[0m
  Rendered microposts/index.html.erb within layouts/application (2.6ms)
Completed 200 OK in 37ms (Views: 33.8ms | ActiveRecord: 0.3ms)


Started GET "/microposts/new" for 127.0.0.1 at 2018-12-02 05:32:24 +0900
Processing by MicropostsController#new as HTML
  Rendering microposts/new.html.erb within layouts/application
  Rendered microposts/_form.html.erb (2.9ms)
  Rendered microposts/new.html.erb within layouts/application (12.0ms)
Completed 200 OK in 47ms (Views: 39.9ms | ActiveRecord: 0.0ms)


Started POST "/microposts" for 127.0.0.1 at 2018-12-02 05:32:44 +0900
Processing by MicropostsController#create as HTML
  Parameters: {"utf8"=>"✓", "authenticity_token"=>"JbBPHPZruIi8Cjnn6D6zktPXEUBBDMAtaOBUNDUy87FcP/rAIruNYYwBfijWYit/756ZYY4datV7eHK7sIr3yA==", "micropost"=>{"content"=>"aaaaaaaaaaaaaaaaaaaaaaaaaaaaaaaaaaaaaaaaaaaaaaaaaaaaaaaaaaaaaaaaaaaaaaaaaaaaaaaaaaaaaaaaaaaaaaaaaaaaaaaaaaaaaaaaaaaaaaaaaaaaxcvbnm,.lkjhgfdrtyul,mnbvcxtykmnbvmnbvcyukmncfghjnbvc", "user_id"=>"1"}, "commit"=>"Create Micropost"}
  [1m[35m (0.1ms)[0m  [1m[36mbegin transaction[0m
  [1m[35m (0.1ms)[0m  [1m[31mrollback transaction[0m
  Rendering microposts/new.html.erb within layouts/application
  Rendered microposts/_form.html.erb (2.4ms)
  Rendered microposts/new.html.erb within layouts/application (8.1ms)
Completed 200 OK in 90ms (Views: 84.1ms | ActiveRecord: 0.2ms)


Started GET "/microposts" for 127.0.0.1 at 2018-12-02 05:32:51 +0900
Processing by MicropostsController#index as HTML
  Rendering microposts/index.html.erb within layouts/application
  [1m[36mMicropost Load (0.2ms)[0m  [1m[34mSELECT "microposts".* FROM "microposts"[0m
  Rendered microposts/index.html.erb within layouts/application (1.4ms)
Completed 200 OK in 37ms (Views: 30.5ms | ActiveRecord: 0.2ms)


Started GET "/microposts" for 127.0.0.1 at 2018-12-02 05:36:55 +0900
Processing by MicropostsController#index as HTML
Completed 500 Internal Server Error in 4ms


  
SyntaxError (/Users/k16044kk/GitHub/rails/environment/toy_app/app/models/micropost.rb:4: syntax error, unexpected ':', expecting keyword_end
  presence: true
          ^):
  
app/models/micropost.rb:4: syntax error, unexpected ':', expecting keyword_end
app/controllers/microposts_controller.rb:7:in `index'
Started GET "/microposts" for 127.0.0.1 at 2018-12-02 05:36:57 +0900
Processing by MicropostsController#index as HTML
Completed 500 Internal Server Error in 2ms


  
SyntaxError (/Users/k16044kk/GitHub/rails/environment/toy_app/app/models/micropost.rb:4: syntax error, unexpected ':', expecting keyword_end
  presence: true
          ^):
  
app/models/micropost.rb:4: syntax error, unexpected ':', expecting keyword_end
app/controllers/microposts_controller.rb:7:in `index'
Started GET "/" for 127.0.0.1 at 2018-12-02 05:37:00 +0900
Processing by MicropostsController#index as HTML
Completed 500 Internal Server Error in 2ms


  
SyntaxError (/Users/k16044kk/GitHub/rails/environment/toy_app/app/models/micropost.rb:4: syntax error, unexpected ':', expecting keyword_end
  presence: true
          ^):
  
app/models/micropost.rb:4: syntax error, unexpected ':', expecting keyword_end
app/controllers/microposts_controller.rb:7:in `index'
Started GET "/" for 127.0.0.1 at 2018-12-02 05:37:10 +0900
Processing by MicropostsController#index as HTML
Completed 500 Internal Server Error in 3ms


  
SyntaxError (/Users/k16044kk/GitHub/rails/environment/toy_app/app/models/micropost.rb:4: syntax error, unexpected ':', expecting keyword_end
  presence: true
          ^):
  
app/models/micropost.rb:4: syntax error, unexpected ':', expecting keyword_end
app/controllers/microposts_controller.rb:7:in `index'
Started GET "/" for 127.0.0.1 at 2018-12-02 05:37:18 +0900
Processing by MicropostsController#index as HTML
Completed 500 Internal Server Error in 2ms


  
SyntaxError (/Users/k16044kk/GitHub/rails/environment/toy_app/app/models/micropost.rb:4: syntax error, unexpected ':', expecting keyword_end
  presence: true
          ^):
  
app/models/micropost.rb:4: syntax error, unexpected ':', expecting keyword_end
app/controllers/microposts_controller.rb:7:in `index'
Started GET "/" for 127.0.0.1 at 2018-12-02 05:37:57 +0900
Processing by MicropostsController#index as HTML
Completed 500 Internal Server Error in 2ms


  
SyntaxError (/Users/k16044kk/GitHub/rails/environment/toy_app/app/models/micropost.rb:4: syntax error, unexpected ':', expecting keyword_end
  presence: true
          ^):
  
app/models/micropost.rb:4: syntax error, unexpected ':', expecting keyword_end
app/controllers/microposts_controller.rb:7:in `index'
Started GET "/" for 127.0.0.1 at 2018-12-02 05:39:02 +0900
Processing by MicropostsController#index as HTML
Completed 500 Internal Server Error in 3ms


  
SyntaxError (/Users/k16044kk/GitHub/rails/environment/toy_app/app/models/micropost.rb:4: syntax error, unexpected ':', expecting keyword_end
  presence: true
          ^):
  
app/models/micropost.rb:4: syntax error, unexpected ':', expecting keyword_end
app/controllers/microposts_controller.rb:7:in `index'
Started GET "/" for 127.0.0.1 at 2018-12-02 05:39:37 +0900
Processing by MicropostsController#index as HTML
Completed 500 Internal Server Error in 2ms


  
SyntaxError (/Users/k16044kk/GitHub/rails/environment/toy_app/app/models/micropost.rb:4: syntax error, unexpected ':', expecting keyword_end
  presence: true
          ^):
  
app/models/micropost.rb:4: syntax error, unexpected ':', expecting keyword_end
app/controllers/microposts_controller.rb:7:in `index'
Started GET "/" for 127.0.0.1 at 2018-12-02 05:39:46 +0900
Processing by MicropostsController#index as HTML
Completed 500 Internal Server Error in 2ms


  
SyntaxError (/Users/k16044kk/GitHub/rails/environment/toy_app/app/models/micropost.rb:4: syntax error, unexpected ':', expecting keyword_end
            presence: true
                    ^):
  
app/models/micropost.rb:4: syntax error, unexpected ':', expecting keyword_end
app/controllers/microposts_controller.rb:7:in `index'
Started GET "/" for 127.0.0.1 at 2018-12-02 05:40:12 +0900
Processing by MicropostsController#index as HTML
  Rendering microposts/index.html.erb within layouts/application
  [1m[36mMicropost Load (0.1ms)[0m  [1m[34mSELECT "microposts".* FROM "microposts"[0m
  Rendered microposts/index.html.erb within layouts/application (3.3ms)
Completed 200 OK in 102ms (Views: 74.7ms | ActiveRecord: 0.8ms)


Started GET "/microposts/new" for 127.0.0.1 at 2018-12-02 05:40:13 +0900
Processing by MicropostsController#new as HTML
  Rendering microposts/new.html.erb within layouts/application
  Rendered microposts/_form.html.erb (2.5ms)
  Rendered microposts/new.html.erb within layouts/application (8.4ms)
Completed 200 OK in 44ms (Views: 33.0ms | ActiveRecord: 0.5ms)


Started POST "/microposts" for 127.0.0.1 at 2018-12-02 05:40:16 +0900
Processing by MicropostsController#create as HTML
  Parameters: {"utf8"=>"✓", "authenticity_token"=>"p7OJIh7nPvqQSJfaIV8sGyaTCHBB7l6dPSc2lZe8ZUPePDz+yjcLE6BD0BUfA7T2GtqAUY7/9GUuvxAaEgRhOg==", "micropost"=>{"content"=>"", "user_id"=>"1"}, "commit"=>"Create Micropost"}
  [1m[35m (0.1ms)[0m  [1m[36mbegin transaction[0m
  [1m[36mUser Load (0.1ms)[0m  [1m[34mSELECT  "users".* FROM "users" WHERE "users"."id" = ? LIMIT ?[0m  [["id", 1], ["LIMIT", 1]]
  [1m[35m (0.1ms)[0m  [1m[31mrollback transaction[0m
  Rendering microposts/new.html.erb within layouts/application
  Rendered microposts/_form.html.erb (2.0ms)
  Rendered microposts/new.html.erb within layouts/application (4.4ms)
Completed 200 OK in 83ms (Views: 31.8ms | ActiveRecord: 0.8ms)


Started GET "/microposts" for 127.0.0.1 at 2018-12-02 05:40:22 +0900
Processing by MicropostsController#index as HTML
  Rendering microposts/index.html.erb within layouts/application
  [1m[36mMicropost Load (0.2ms)[0m  [1m[34mSELECT "microposts".* FROM "microposts"[0m
  Rendered microposts/index.html.erb within layouts/application (1.5ms)
Completed 200 OK in 32ms (Views: 27.6ms | ActiveRecord: 0.2ms)


Started GET "/microposts/new" for 127.0.0.1 at 2018-12-02 05:42:10 +0900
Processing by MicropostsController#new as HTML
  Rendering microposts/new.html.erb within layouts/application
  Rendered microposts/_form.html.erb (2.2ms)
  Rendered microposts/new.html.erb within layouts/application (5.1ms)
Completed 200 OK in 42ms (Views: 39.0ms | ActiveRecord: 0.0ms)


Started POST "/microposts" for 127.0.0.1 at 2018-12-02 05:42:12 +0900
Processing by MicropostsController#create as HTML
  Parameters: {"utf8"=>"✓", "authenticity_token"=>"AdKn3BpoYmB7FY/isx9/myM2xdm4snpN4M6thsb1u554XRIAzrhXiUseyC2NQ+d2H39N+Hej0LXzVosJQ02/5w==", "micropost"=>{"content"=>"", "user_id"=>""}, "commit"=>"Create Micropost"}
  [1m[35m (0.1ms)[0m  [1m[36mbegin transaction[0m
  [1m[35m (0.1ms)[0m  [1m[31mrollback transaction[0m
  Rendering microposts/new.html.erb within layouts/application
  Rendered microposts/_form.html.erb (2.0ms)
  Rendered microposts/new.html.erb within layouts/application (4.4ms)
Completed 200 OK in 36ms (Views: 31.3ms | ActiveRecord: 0.2ms)


Started GET "/microposts" for 127.0.0.1 at 2018-12-02 05:42:39 +0900
Processing by MicropostsController#index as HTML
  Rendering microposts/index.html.erb within layouts/application
  [1m[36mMicropost Load (0.1ms)[0m  [1m[34mSELECT "microposts".* FROM "microposts"[0m
  Rendered microposts/index.html.erb within layouts/application (3.5ms)
Completed 200 OK in 35ms (Views: 29.0ms | ActiveRecord: 0.8ms)


Started GET "/microposts/new" for 127.0.0.1 at 2018-12-02 05:42:40 +0900
Processing by MicropostsController#new as HTML
  Rendering microposts/new.html.erb within layouts/application
  Rendered microposts/_form.html.erb (2.1ms)
  Rendered microposts/new.html.erb within layouts/application (4.6ms)
Completed 200 OK in 47ms (Views: 31.5ms | ActiveRecord: 6.8ms)


Started POST "/microposts" for 127.0.0.1 at 2018-12-02 05:42:41 +0900
Processing by MicropostsController#create as HTML
  Parameters: {"utf8"=>"✓", "authenticity_token"=>"JbNfpM0OpmnCZ2Zt+9DqMX878Jz3djfRPzP6uoS8IxRcPOp4Gd6TgPJsIaLFjHLcQ3J4vThnnSksq9w1AQQnbQ==", "micropost"=>{"content"=>"", "user_id"=>""}, "commit"=>"Create Micropost"}
  [1m[35m (0.1ms)[0m  [1m[36mbegin transaction[0m
  [1m[35m (0.1ms)[0m  [1m[31mrollback transaction[0m
  Rendering microposts/new.html.erb within layouts/application
  Rendered microposts/_form.html.erb (2.1ms)
  Rendered microposts/new.html.erb within layouts/application (6.5ms)
Completed 200 OK in 39ms (Views: 31.0ms | ActiveRecord: 0.2ms)


Started GET "/microposts" for 127.0.0.1 at 2018-12-02 05:43:08 +0900
Processing by MicropostsController#index as HTML
  Rendering microposts/index.html.erb within layouts/application
  [1m[36mMicropost Load (0.2ms)[0m  [1m[34mSELECT "microposts".* FROM "microposts"[0m
  Rendered microposts/index.html.erb within layouts/application (1.4ms)
Completed 200 OK in 31ms (Views: 28.1ms | ActiveRecord: 0.2ms)


Started GET "/microposts/new" for 127.0.0.1 at 2018-12-02 05:43:10 +0900
Processing by MicropostsController#new as HTML
  Rendering microposts/new.html.erb within layouts/application
  Rendered microposts/_form.html.erb (2.8ms)
  Rendered microposts/new.html.erb within layouts/application (6.5ms)
Completed 200 OK in 37ms (Views: 33.1ms | ActiveRecord: 0.0ms)


Started POST "/microposts" for 127.0.0.1 at 2018-12-02 05:43:11 +0900
Processing by MicropostsController#create as HTML
  Parameters: {"utf8"=>"✓", "authenticity_token"=>"vdl2oNXXZfaSDW8AaqVkf1oWeYIe0zo76+zGdU5zCeLEVsN8AQdQH6IGKM9U+fySZl/xo9HCkMP4dOD6y8sNmw==", "micropost"=>{"content"=>"", "user_id"=>""}, "commit"=>"Create Micropost"}
  [1m[35m (0.1ms)[0m  [1m[36mbegin transaction[0m
  [1m[35m (0.1ms)[0m  [1m[31mrollback transaction[0m
  Rendering microposts/new.html.erb within layouts/application
  Rendered microposts/_form.html.erb (2.1ms)
  Rendered microposts/new.html.erb within layouts/application (4.7ms)
Completed 200 OK in 35ms (Views: 30.8ms | ActiveRecord: 0.2ms)


Started GET "/" for 127.0.0.1 at 2018-12-02 05:43:42 +0900
Processing by MicropostsController#index as HTML
  Rendering microposts/index.html.erb within layouts/application
  [1m[36mMicropost Load (0.2ms)[0m  [1m[34mSELECT "microposts".* FROM "microposts"[0m
  Rendered microposts/index.html.erb within layouts/application (1.6ms)
Completed 200 OK in 43ms (Views: 38.7ms | ActiveRecord: 0.2ms)


Started GET "/users" for 127.0.0.1 at 2018-12-02 05:43:45 +0900
  
ActionController::RoutingError (No route matches [GET] "/users"):
  
vendor/bundle/gems/actionpack-5.1.6/lib/action_dispatch/middleware/debug_exceptions.rb:63:in `call'
vendor/bundle/gems/web-console-3.5.1/lib/web_console/middleware.rb:135:in `call_app'
vendor/bundle/gems/web-console-3.5.1/lib/web_console/middleware.rb:28:in `block in call'
vendor/bundle/gems/web-console-3.5.1/lib/web_console/middleware.rb:18:in `catch'
vendor/bundle/gems/web-console-3.5.1/lib/web_console/middleware.rb:18:in `call'
vendor/bundle/gems/actionpack-5.1.6/lib/action_dispatch/middleware/show_exceptions.rb:31:in `call'
vendor/bundle/gems/railties-5.1.6/lib/rails/rack/logger.rb:36:in `call_app'
vendor/bundle/gems/railties-5.1.6/lib/rails/rack/logger.rb:24:in `block in call'
vendor/bundle/gems/activesupport-5.1.6/lib/active_support/tagged_logging.rb:69:in `block in tagged'
vendor/bundle/gems/activesupport-5.1.6/lib/active_support/tagged_logging.rb:26:in `tagged'
vendor/bundle/gems/activesupport-5.1.6/lib/active_support/tagged_logging.rb:69:in `tagged'
vendor/bundle/gems/railties-5.1.6/lib/rails/rack/logger.rb:24:in `call'
vendor/bundle/gems/sprockets-rails-3.2.1/lib/sprockets/rails/quiet_assets.rb:13:in `call'
vendor/bundle/gems/actionpack-5.1.6/lib/action_dispatch/middleware/remote_ip.rb:79:in `call'
vendor/bundle/gems/actionpack-5.1.6/lib/action_dispatch/middleware/request_id.rb:25:in `call'
vendor/bundle/gems/rack-2.0.6/lib/rack/method_override.rb:22:in `call'
vendor/bundle/gems/rack-2.0.6/lib/rack/runtime.rb:22:in `call'
vendor/bundle/gems/activesupport-5.1.6/lib/active_support/cache/strategy/local_cache_middleware.rb:27:in `call'
vendor/bundle/gems/actionpack-5.1.6/lib/action_dispatch/middleware/executor.rb:12:in `call'
vendor/bundle/gems/actionpack-5.1.6/lib/action_dispatch/middleware/static.rb:125:in `call'
vendor/bundle/gems/rack-2.0.6/lib/rack/sendfile.rb:111:in `call'
vendor/bundle/gems/railties-5.1.6/lib/rails/engine.rb:522:in `call'
vendor/bundle/gems/puma-3.9.1/lib/puma/configuration.rb:224:in `call'
vendor/bundle/gems/puma-3.9.1/lib/puma/server.rb:602:in `handle_request'
vendor/bundle/gems/puma-3.9.1/lib/puma/server.rb:435:in `process_client'
vendor/bundle/gems/puma-3.9.1/lib/puma/server.rb:299:in `block in run'
vendor/bundle/gems/puma-3.9.1/lib/puma/thread_pool.rb:120:in `block in spawn_thread'
Started GET "/users" for 127.0.0.1 at 2018-12-02 05:44:07 +0900
  
ActionController::RoutingError (No route matches [GET] "/users"):
  
vendor/bundle/gems/actionpack-5.1.6/lib/action_dispatch/middleware/debug_exceptions.rb:63:in `call'
vendor/bundle/gems/web-console-3.5.1/lib/web_console/middleware.rb:135:in `call_app'
vendor/bundle/gems/web-console-3.5.1/lib/web_console/middleware.rb:28:in `block in call'
vendor/bundle/gems/web-console-3.5.1/lib/web_console/middleware.rb:18:in `catch'
vendor/bundle/gems/web-console-3.5.1/lib/web_console/middleware.rb:18:in `call'
vendor/bundle/gems/actionpack-5.1.6/lib/action_dispatch/middleware/show_exceptions.rb:31:in `call'
vendor/bundle/gems/railties-5.1.6/lib/rails/rack/logger.rb:36:in `call_app'
vendor/bundle/gems/railties-5.1.6/lib/rails/rack/logger.rb:24:in `block in call'
vendor/bundle/gems/activesupport-5.1.6/lib/active_support/tagged_logging.rb:69:in `block in tagged'
vendor/bundle/gems/activesupport-5.1.6/lib/active_support/tagged_logging.rb:26:in `tagged'
vendor/bundle/gems/activesupport-5.1.6/lib/active_support/tagged_logging.rb:69:in `tagged'
vendor/bundle/gems/railties-5.1.6/lib/rails/rack/logger.rb:24:in `call'
vendor/bundle/gems/sprockets-rails-3.2.1/lib/sprockets/rails/quiet_assets.rb:13:in `call'
vendor/bundle/gems/actionpack-5.1.6/lib/action_dispatch/middleware/remote_ip.rb:79:in `call'
vendor/bundle/gems/actionpack-5.1.6/lib/action_dispatch/middleware/request_id.rb:25:in `call'
vendor/bundle/gems/rack-2.0.6/lib/rack/method_override.rb:22:in `call'
vendor/bundle/gems/rack-2.0.6/lib/rack/runtime.rb:22:in `call'
vendor/bundle/gems/activesupport-5.1.6/lib/active_support/cache/strategy/local_cache_middleware.rb:27:in `call'
vendor/bundle/gems/actionpack-5.1.6/lib/action_dispatch/middleware/executor.rb:12:in `call'
vendor/bundle/gems/actionpack-5.1.6/lib/action_dispatch/middleware/static.rb:125:in `call'
vendor/bundle/gems/rack-2.0.6/lib/rack/sendfile.rb:111:in `call'
vendor/bundle/gems/railties-5.1.6/lib/rails/engine.rb:522:in `call'
vendor/bundle/gems/puma-3.9.1/lib/puma/configuration.rb:224:in `call'
vendor/bundle/gems/puma-3.9.1/lib/puma/server.rb:602:in `handle_request'
vendor/bundle/gems/puma-3.9.1/lib/puma/server.rb:435:in `process_client'
vendor/bundle/gems/puma-3.9.1/lib/puma/server.rb:299:in `block in run'
vendor/bundle/gems/puma-3.9.1/lib/puma/thread_pool.rb:120:in `block in spawn_thread'
Started GET "/users" for 127.0.0.1 at 2018-12-02 05:44:11 +0900
  
ActionController::RoutingError (No route matches [GET] "/users"):
  
vendor/bundle/gems/actionpack-5.1.6/lib/action_dispatch/middleware/debug_exceptions.rb:63:in `call'
vendor/bundle/gems/web-console-3.5.1/lib/web_console/middleware.rb:135:in `call_app'
vendor/bundle/gems/web-console-3.5.1/lib/web_console/middleware.rb:28:in `block in call'
vendor/bundle/gems/web-console-3.5.1/lib/web_console/middleware.rb:18:in `catch'
vendor/bundle/gems/web-console-3.5.1/lib/web_console/middleware.rb:18:in `call'
vendor/bundle/gems/actionpack-5.1.6/lib/action_dispatch/middleware/show_exceptions.rb:31:in `call'
vendor/bundle/gems/railties-5.1.6/lib/rails/rack/logger.rb:36:in `call_app'
vendor/bundle/gems/railties-5.1.6/lib/rails/rack/logger.rb:24:in `block in call'
vendor/bundle/gems/activesupport-5.1.6/lib/active_support/tagged_logging.rb:69:in `block in tagged'
vendor/bundle/gems/activesupport-5.1.6/lib/active_support/tagged_logging.rb:26:in `tagged'
vendor/bundle/gems/activesupport-5.1.6/lib/active_support/tagged_logging.rb:69:in `tagged'
vendor/bundle/gems/railties-5.1.6/lib/rails/rack/logger.rb:24:in `call'
vendor/bundle/gems/sprockets-rails-3.2.1/lib/sprockets/rails/quiet_assets.rb:13:in `call'
vendor/bundle/gems/actionpack-5.1.6/lib/action_dispatch/middleware/remote_ip.rb:79:in `call'
vendor/bundle/gems/actionpack-5.1.6/lib/action_dispatch/middleware/request_id.rb:25:in `call'
vendor/bundle/gems/rack-2.0.6/lib/rack/method_override.rb:22:in `call'
vendor/bundle/gems/rack-2.0.6/lib/rack/runtime.rb:22:in `call'
vendor/bundle/gems/activesupport-5.1.6/lib/active_support/cache/strategy/local_cache_middleware.rb:27:in `call'
vendor/bundle/gems/actionpack-5.1.6/lib/action_dispatch/middleware/executor.rb:12:in `call'
vendor/bundle/gems/actionpack-5.1.6/lib/action_dispatch/middleware/static.rb:125:in `call'
vendor/bundle/gems/rack-2.0.6/lib/rack/sendfile.rb:111:in `call'
vendor/bundle/gems/railties-5.1.6/lib/rails/engine.rb:522:in `call'
vendor/bundle/gems/puma-3.9.1/lib/puma/configuration.rb:224:in `call'
vendor/bundle/gems/puma-3.9.1/lib/puma/server.rb:602:in `handle_request'
vendor/bundle/gems/puma-3.9.1/lib/puma/server.rb:435:in `process_client'
vendor/bundle/gems/puma-3.9.1/lib/puma/server.rb:299:in `block in run'
vendor/bundle/gems/puma-3.9.1/lib/puma/thread_pool.rb:120:in `block in spawn_thread'
Started GET "/microposts" for 127.0.0.1 at 2018-12-02 05:44:13 +0900
Processing by MicropostsController#index as HTML
  Rendering microposts/index.html.erb within layouts/application
  [1m[36mMicropost Load (0.2ms)[0m  [1m[34mSELECT "microposts".* FROM "microposts"[0m
  Rendered microposts/index.html.erb within layouts/application (1.4ms)
Completed 200 OK in 87ms (Views: 79.8ms | ActiveRecord: 0.2ms)


Started GET "/users" for 127.0.0.1 at 2018-12-02 05:45:09 +0900
  
ActionController::RoutingError (No route matches [GET] "/users"):
  
vendor/bundle/gems/actionpack-5.1.6/lib/action_dispatch/middleware/debug_exceptions.rb:63:in `call'
vendor/bundle/gems/web-console-3.5.1/lib/web_console/middleware.rb:135:in `call_app'
vendor/bundle/gems/web-console-3.5.1/lib/web_console/middleware.rb:28:in `block in call'
vendor/bundle/gems/web-console-3.5.1/lib/web_console/middleware.rb:18:in `catch'
vendor/bundle/gems/web-console-3.5.1/lib/web_console/middleware.rb:18:in `call'
vendor/bundle/gems/actionpack-5.1.6/lib/action_dispatch/middleware/show_exceptions.rb:31:in `call'
vendor/bundle/gems/railties-5.1.6/lib/rails/rack/logger.rb:36:in `call_app'
vendor/bundle/gems/railties-5.1.6/lib/rails/rack/logger.rb:24:in `block in call'
vendor/bundle/gems/activesupport-5.1.6/lib/active_support/tagged_logging.rb:69:in `block in tagged'
vendor/bundle/gems/activesupport-5.1.6/lib/active_support/tagged_logging.rb:26:in `tagged'
vendor/bundle/gems/activesupport-5.1.6/lib/active_support/tagged_logging.rb:69:in `tagged'
vendor/bundle/gems/railties-5.1.6/lib/rails/rack/logger.rb:24:in `call'
vendor/bundle/gems/sprockets-rails-3.2.1/lib/sprockets/rails/quiet_assets.rb:13:in `call'
vendor/bundle/gems/actionpack-5.1.6/lib/action_dispatch/middleware/remote_ip.rb:79:in `call'
vendor/bundle/gems/actionpack-5.1.6/lib/action_dispatch/middleware/request_id.rb:25:in `call'
vendor/bundle/gems/rack-2.0.6/lib/rack/method_override.rb:22:in `call'
vendor/bundle/gems/rack-2.0.6/lib/rack/runtime.rb:22:in `call'
vendor/bundle/gems/activesupport-5.1.6/lib/active_support/cache/strategy/local_cache_middleware.rb:27:in `call'
vendor/bundle/gems/actionpack-5.1.6/lib/action_dispatch/middleware/executor.rb:12:in `call'
vendor/bundle/gems/actionpack-5.1.6/lib/action_dispatch/middleware/static.rb:125:in `call'
vendor/bundle/gems/rack-2.0.6/lib/rack/sendfile.rb:111:in `call'
vendor/bundle/gems/railties-5.1.6/lib/rails/engine.rb:522:in `call'
vendor/bundle/gems/puma-3.9.1/lib/puma/configuration.rb:224:in `call'
vendor/bundle/gems/puma-3.9.1/lib/puma/server.rb:602:in `handle_request'
vendor/bundle/gems/puma-3.9.1/lib/puma/server.rb:435:in `process_client'
vendor/bundle/gems/puma-3.9.1/lib/puma/server.rb:299:in `block in run'
vendor/bundle/gems/puma-3.9.1/lib/puma/thread_pool.rb:120:in `block in spawn_thread'
