Started GET "/" for 127.0.0.1 at 2018-11-29 02:56:07 +0900
Processing by Rails::WelcomeController#index as HTML
  Rendering vendor/bundle/gems/railties-5.1.6/lib/rails/templates/rails/welcome/index.html.erb
  Rendered vendor/bundle/gems/railties-5.1.6/lib/rails/templates/rails/welcome/index.html.erb (5.2ms)
Completed 200 OK in 519ms (Views: 24.5ms)


Started GET "/" for 127.0.0.1 at 2018-11-29 03:35:24 +0900
Processing by Rails::WelcomeController#index as HTML
  Rendering vendor/bundle/gems/railties-5.1.6/lib/rails/templates/rails/welcome/index.html.erb
  Rendered vendor/bundle/gems/railties-5.1.6/lib/rails/templates/rails/welcome/index.html.erb (4.5ms)
Completed 200 OK in 20ms (Views: 9.0ms)


Started GET "/" for 127.0.0.1 at 2018-11-29 03:42:18 +0900
Processing by ApplicationController#hello as HTML
  Rendering html template
  Rendered html template (0.1ms)
Completed 200 OK in 4ms (Views: 3.8ms)


Started GET "/" for 127.0.0.1 at 2018-11-29 03:51:09 +0900
Processing by ApplicationController#hello as HTML
  Rendering html template
  Rendered html template (0.0ms)
Completed 200 OK in 3ms (Views: 2.1ms)


Started GET "/" for 127.0.0.1 at 2018-11-29 03:52:28 +0900
Processing by ApplicationController#hello as HTML
  Rendering html template
  Rendered html template (0.0ms)
Completed 200 OK in 1ms (Views: 0.8ms)


Started GET "/" for 127.0.0.1 at 2018-11-29 03:54:03 +0900
Processing by ApplicationController#goodbye as HTML
  Rendering html template
  Rendered html template (0.1ms)
Completed 200 OK in 2ms (Views: 1.1ms)


